2021-12-17 22:58:05:506 [INFO] [main] [com.bridgelabz.employeepayrollapp.EmployeePayrollAppApplication:55] Starting EmployeePayrollAppApplication using Java 16.0.2 on KUNAL-PC with PID 7056 (F:\CFP\employee-payroll-app\target\classes started by KUNAL in F:\CFP\employee-payroll-app)
2021-12-17 22:58:05:506 [INFO] [main] [com.bridgelabz.employeepayrollapp.EmployeePayrollAppApplication:663] The following profiles are active: dev
2021-12-17 22:58:07:568 [INFO] [main] [org.springframework.data.repository.config.RepositoryConfigurationDelegate:132] Bootstrapping Spring Data JPA repositories in DEFAULT mode.
2021-12-17 22:58:07:677 [INFO] [main] [org.springframework.data.repository.config.RepositoryConfigurationDelegate:201] Finished Spring Data repository scanning in 97 ms. Found 1 JPA repository interfaces.
2021-12-17 22:58:09:084 [INFO] [main] [org.springframework.boot.web.embedded.tomcat.TomcatWebServer:108] Tomcat initialized with port(s): 8080 (http)
2021-12-17 22:58:09:115 [INFO] [main] [org.apache.catalina.core.StandardService:173] Starting service [Tomcat]
2021-12-17 22:58:09:115 [INFO] [main] [org.apache.catalina.core.StandardEngine:173] Starting Servlet engine: [Apache Tomcat/9.0.53]
2021-12-17 22:58:09:287 [INFO] [main] [org.apache.catalina.core.ContainerBase.[Tomcat].[localhost].[/]:173] Initializing Spring embedded WebApplicationContext
2021-12-17 22:58:09:287 [INFO] [main] [org.springframework.boot.web.servlet.context.ServletWebServerApplicationContext:290] Root WebApplicationContext: initialization completed in 3689 ms
2021-12-17 22:58:09:787 [INFO] [main] [org.hibernate.jpa.internal.util.LogHelper:31] HHH000204: Processing PersistenceUnitInfo [name: default]
2021-12-17 22:58:09:927 [INFO] [main] [org.hibernate.Version:44] HHH000412: Hibernate ORM core version 5.4.32.Final
2021-12-17 22:58:10:219 [INFO] [main] [org.hibernate.annotations.common.Version:56] HCANN000001: Hibernate Commons Annotations {5.1.2.Final}
2021-12-17 22:58:10:468 [INFO] [main] [com.zaxxer.hikari.HikariDataSource:110] HikariPool-1 - Starting...
2021-12-17 22:58:10:483 [WARN] [main] [com.zaxxer.hikari.util.DriverDataSource:70] Registered driver with driverClassName=com.mysql.jdbc.Driver was not found, trying direct instantiation.
2021-12-17 22:58:11:374 [INFO] [main] [com.zaxxer.hikari.HikariDataSource:123] HikariPool-1 - Start completed.
2021-12-17 22:58:11:530 [INFO] [main] [org.hibernate.dialect.Dialect:175] HHH000400: Using dialect: org.hibernate.dialect.MySQL8Dialect
2021-12-17 22:58:12:718 [INFO] [main] [org.hibernate.engine.transaction.jta.platform.internal.JtaPlatformInitiator:52] HHH000490: Using JtaPlatform implementation: [org.hibernate.engine.transaction.jta.platform.internal.NoJtaPlatform]
2021-12-17 22:58:12:733 [INFO] [main] [org.springframework.orm.jpa.LocalContainerEntityManagerFactoryBean:437] Initialized JPA EntityManagerFactory for persistence unit 'default'
2021-12-17 22:58:13:249 [INFO] [main] [com.bridgelabz.employeepayrollapp.advice.LoggingAdvice:27] method invoked class com.bridgelabz.employeepayrollapp.configuration.EmployeeConfiguration$$EnhancerBySpringCGLIB$$78a7c099 : modelMapper()arguments : []
2021-12-17 22:58:13:296 [INFO] [main] [com.bridgelabz.employeepayrollapp.advice.LoggingAdvice:30] class com.bridgelabz.employeepayrollapp.configuration.EmployeeConfiguration$$EnhancerBySpringCGLIB$$78a7c099 : modelMapper()Response : org.modelmapper.ModelMapper@37c45154
2021-12-17 22:58:13:718 [WARN] [main] [org.springframework.boot.autoconfigure.orm.jpa.JpaBaseConfiguration$JpaWebConfiguration:219] spring.jpa.open-in-view is enabled by default. Therefore, database queries may be performed during view rendering. Explicitly configure spring.jpa.open-in-view to disable this warning
2021-12-17 22:58:13:999 [INFO] [main] [springfox.documentation.spring.web.PropertySourcedRequestMappingHandlerMapping:69] Mapped URL path [/v2/api-docs] onto method [springfox.documentation.swagger2.web.Swagger2Controller#getDocumentation(String, HttpServletRequest)]
2021-12-17 22:58:14:015 [INFO] [main] [com.bridgelabz.employeepayrollapp.advice.LoggingAdvice:27] method invoked class com.bridgelabz.employeepayrollapp.configuration.SwaggerConfiguration$$EnhancerBySpringCGLIB$$ef9f05bf : postApi()arguments : []
2021-12-17 22:58:14:015 [INFO] [main] [com.bridgelabz.employeepayrollapp.advice.LoggingAdvice:30] class com.bridgelabz.employeepayrollapp.configuration.SwaggerConfiguration$$EnhancerBySpringCGLIB$$ef9f05bf : postApi()Response : springfox.documentation.spring.web.plugins.Docket@34525143
2021-12-17 22:58:14:530 [INFO] [main] [org.springframework.boot.web.embedded.tomcat.TomcatWebServer:220] Tomcat started on port(s): 8080 (http) with context path ''
2021-12-17 22:58:14:530 [INFO] [main] [springfox.documentation.spring.web.plugins.DocumentationPluginsBootstrapper:160] Context refreshed
2021-12-17 22:58:14:561 [INFO] [main] [springfox.documentation.spring.web.plugins.DocumentationPluginsBootstrapper:163] Found 1 custom documentation plugin(s)
2021-12-17 22:58:14:593 [INFO] [main] [springfox.documentation.spring.web.scanners.ApiListingReferenceScanner:41] Scanning for api listing references
2021-12-17 22:58:14:733 [INFO] [main] [springfox.documentation.spring.web.readers.operation.CachingOperationNameGenerator:40] Generating unique operation named: getEmployeePayrollDataUsingGET_1
2021-12-17 22:58:14:749 [INFO] [main] [springfox.documentation.spring.web.readers.operation.CachingOperationNameGenerator:40] Generating unique operation named: getEmployeePayrollDataUsingHEAD_1
2021-12-17 22:58:14:749 [INFO] [main] [springfox.documentation.spring.web.readers.operation.CachingOperationNameGenerator:40] Generating unique operation named: getEmployeePayrollDataUsingPOST_1
2021-12-17 22:58:14:749 [INFO] [main] [springfox.documentation.spring.web.readers.operation.CachingOperationNameGenerator:40] Generating unique operation named: getEmployeePayrollDataUsingPUT_1
2021-12-17 22:58:14:749 [INFO] [main] [springfox.documentation.spring.web.readers.operation.CachingOperationNameGenerator:40] Generating unique operation named: getEmployeePayrollDataUsingPATCH_1
2021-12-17 22:58:14:749 [INFO] [main] [springfox.documentation.spring.web.readers.operation.CachingOperationNameGenerator:40] Generating unique operation named: getEmployeePayrollDataUsingDELETE_1
2021-12-17 22:58:14:765 [INFO] [main] [springfox.documentation.spring.web.readers.operation.CachingOperationNameGenerator:40] Generating unique operation named: getEmployeePayrollDataUsingOPTIONS_1
2021-12-17 22:58:14:765 [INFO] [main] [springfox.documentation.spring.web.readers.operation.CachingOperationNameGenerator:40] Generating unique operation named: getEmployeePayrollDataUsingTRACE_1
2021-12-17 22:58:14:765 [INFO] [main] [springfox.documentation.spring.web.readers.operation.CachingOperationNameGenerator:40] Generating unique operation named: getEmployeePayrollDataUsingGET_2
2021-12-17 22:58:14:765 [INFO] [main] [springfox.documentation.spring.web.readers.operation.CachingOperationNameGenerator:40] Generating unique operation named: getEmployeePayrollDataUsingHEAD_2
2021-12-17 22:58:14:765 [INFO] [main] [springfox.documentation.spring.web.readers.operation.CachingOperationNameGenerator:40] Generating unique operation named: getEmployeePayrollDataUsingPOST_2
2021-12-17 22:58:14:765 [INFO] [main] [springfox.documentation.spring.web.readers.operation.CachingOperationNameGenerator:40] Generating unique operation named: getEmployeePayrollDataUsingPUT_2
2021-12-17 22:58:14:780 [INFO] [main] [springfox.documentation.spring.web.readers.operation.CachingOperationNameGenerator:40] Generating unique operation named: getEmployeePayrollDataUsingPATCH_2
2021-12-17 22:58:14:780 [INFO] [main] [springfox.documentation.spring.web.readers.operation.CachingOperationNameGenerator:40] Generating unique operation named: getEmployeePayrollDataUsingDELETE_2
2021-12-17 22:58:14:780 [INFO] [main] [springfox.documentation.spring.web.readers.operation.CachingOperationNameGenerator:40] Generating unique operation named: getEmployeePayrollDataUsingOPTIONS_2
2021-12-17 22:58:14:780 [INFO] [main] [springfox.documentation.spring.web.readers.operation.CachingOperationNameGenerator:40] Generating unique operation named: getEmployeePayrollDataUsingTRACE_2
2021-12-17 22:58:14:780 [INFO] [main] [springfox.documentation.spring.web.readers.operation.CachingOperationNameGenerator:40] Generating unique operation named: getEmployeePayrollDataUsingGET_3
2021-12-17 22:58:14:827 [INFO] [main] [com.bridgelabz.employeepayrollapp.EmployeePayrollAppApplication:61] Started EmployeePayrollAppApplication in 10.64 seconds (JVM running for 11.982)
2021-12-17 22:58:59:727 [INFO] [http-nio-8080-exec-2] [org.apache.catalina.core.ContainerBase.[Tomcat].[localhost].[/]:173] Initializing Spring DispatcherServlet 'dispatcherServlet'
2021-12-17 22:58:59:728 [INFO] [http-nio-8080-exec-2] [org.springframework.web.servlet.DispatcherServlet:525] Initializing Servlet 'dispatcherServlet'
2021-12-17 22:58:59:729 [INFO] [http-nio-8080-exec-2] [org.springframework.web.servlet.DispatcherServlet:547] Completed initialization in 1 ms
2021-12-17 22:58:59:755 [INFO] [http-nio-8080-exec-2] [com.bridgelabz.employeepayrollapp.advice.LoggingAdvice:27] method invoked class com.bridgelabz.employeepayrollapp.controller.EmployeePayrollController : getEmployeePayrollData()arguments : []
2021-12-17 22:58:59:760 [INFO] [http-nio-8080-exec-2] [com.bridgelabz.employeepayrollapp.advice.LoggingAdvice:27] method invoked class com.bridgelabz.employeepayrollapp.services.EmployeePayrollService : getAllEmployee()arguments : []
2021-12-17 22:59:01:850 [INFO] [http-nio-8080-exec-2] [com.bridgelabz.employeepayrollapp.advice.LoggingAdvice:30] class com.bridgelabz.employeepayrollapp.services.EmployeePayrollService : getAllEmployee()Response : [EmployeeDto(name=Pratik, imagePath=/img1, gender=male, salary=100000, departments=[], notes=Test), EmployeeDto(name=Pratik, imagePath=/img1, gender=male, salary=100000, departments=[], notes=Test), EmployeeDto(name=Kunal, imagePath=/img1, gender=male, salary=100000, departments=[], notes=Test), EmployeeDto(name=Kunal Suryawanshi, imagePath=image2.jpg, gender=Male, salary=100000, departments=[HR], notes=Test)]
2021-12-17 22:59:01:851 [INFO] [http-nio-8080-exec-2] [com.bridgelabz.employeepayrollapp.advice.LoggingAdvice:30] class com.bridgelabz.employeepayrollapp.controller.EmployeePayrollController : getEmployeePayrollData()Response : [EmployeeDto(name=Pratik, imagePath=/img1, gender=male, salary=100000, departments=[], notes=Test), EmployeeDto(name=Pratik, imagePath=/img1, gender=male, salary=100000, departments=[], notes=Test), EmployeeDto(name=Kunal, imagePath=/img1, gender=male, salary=100000, departments=[], notes=Test), EmployeeDto(name=Kunal Suryawanshi, imagePath=image2.jpg, gender=Male, salary=100000, departments=[HR], notes=Test)]
